[2025-02-24T04:25:57.784+0000] {local_task_job_runner.py:123} INFO - ::group::Pre task execution logs
[2025-02-24T04:25:57.804+0000] {taskinstance.py:2614} INFO - Dependencies all met for dep_context=non-requeueable deps ti=<TaskInstance: dag_landings3.insert_csv_data scheduled__2025-02-23T00:00:00+00:00 [queued]>
[2025-02-24T04:25:57.814+0000] {taskinstance.py:2614} INFO - Dependencies all met for dep_context=requeueable deps ti=<TaskInstance: dag_landings3.insert_csv_data scheduled__2025-02-23T00:00:00+00:00 [queued]>
[2025-02-24T04:25:57.815+0000] {taskinstance.py:2867} INFO - Starting attempt 1 of 1
[2025-02-24T04:25:57.845+0000] {taskinstance.py:2890} INFO - Executing <Task(PythonOperator): insert_csv_data> on 2025-02-23 00:00:00+00:00
[2025-02-24T04:25:57.849+0000] {standard_task_runner.py:72} INFO - Started process 184 to run task
[2025-02-24T04:25:57.855+0000] {standard_task_runner.py:104} INFO - Running: ['airflow', 'tasks', 'run', 'dag_landings3', 'insert_csv_data', 'scheduled__2025-02-23T00:00:00+00:00', '--job-id', '9', '--raw', '--subdir', 'DAGS_FOLDER/dag_landings3.py', '--cfg-path', '/tmp/tmpg3837ppu']
[2025-02-24T04:25:57.858+0000] {standard_task_runner.py:105} INFO - Job 9: Subtask insert_csv_data
[2025-02-24T04:25:57.924+0000] {task_command.py:467} INFO - Running <TaskInstance: dag_landings3.insert_csv_data scheduled__2025-02-23T00:00:00+00:00 [running]> on host c9f7a13d5dc6
[2025-02-24T04:25:58.009+0000] {taskinstance.py:3134} INFO - Exporting env vars: AIRFLOW_CTX_DAG_OWNER='airflow' AIRFLOW_CTX_DAG_ID='dag_landings3' AIRFLOW_CTX_TASK_ID='insert_csv_data' AIRFLOW_CTX_EXECUTION_DATE='2025-02-23T00:00:00+00:00' AIRFLOW_CTX_TRY_NUMBER='1' AIRFLOW_CTX_DAG_RUN_ID='scheduled__2025-02-23T00:00:00+00:00'
[2025-02-24T04:25:58.010+0000] {taskinstance.py:732} INFO - ::endgroup::
[2025-02-24T04:25:58.042+0000] {credentials.py:1147} INFO - Found credentials in environment variables.
[2025-02-24T04:26:00.695+0000] {logging_mixin.py:190} INFO - Dados inseridos em dp_flavours_staging a partir de s3://iffdatatest/landing/20250121/Flavours_20240505_1.csv
[2025-02-24T04:26:01.099+0000] {logging_mixin.py:190} INFO - Dados inseridos em dp_ingredientsrawmaterial_staging a partir de s3://iffdatatest/landing/20250121/IngredientsRawMaterial_20240505.csv
[2025-02-24T04:26:01.220+0000] {logging_mixin.py:190} INFO - Dados inseridos em dp_provider_staging a partir de s3://iffdatatest/landing/20250121/Provider_20240505_1.csv
[2025-02-24T04:26:01.347+0000] {logging_mixin.py:190} INFO - Dados inseridos em dp_provider_staging a partir de s3://iffdatatest/landing/20250121/Provider_20240505_2.csv
[2025-02-24T04:26:01.451+0000] {logging_mixin.py:190} INFO - Dados inseridos em dp_rawmaterialtype_staging a partir de s3://iffdatatest/landing/20250121/RawMaterialType_20240505_1.csv
[2025-02-24T04:26:01.737+0000] {logging_mixin.py:190} INFO - Dados inseridos em dp_salestransactions_staging a partir de s3://iffdatatest/landing/20250121/SalesTransactions_20240505_1.csv
[2025-02-24T04:26:01.978+0000] {logging_mixin.py:190} INFO - Dados inseridos em dp_salestransactions_staging a partir de s3://iffdatatest/landing/20250121/SalesTransactions_20240505_2.csv
[2025-02-24T04:26:02.240+0000] {logging_mixin.py:190} INFO - Dados inseridos em dp_ingredients_staging a partir de s3://iffdatatest/landing/20250122/Ingredients_20240506_1.csv
[2025-02-24T04:26:02.354+0000] {logging_mixin.py:190} INFO - Dados inseridos em dp_provider_staging a partir de s3://iffdatatest/landing/20250122/Provider_20240506_1.csv
[2025-02-24T04:26:02.561+0000] {logging_mixin.py:190} INFO - Dados inseridos em dp_recipes_staging a partir de s3://iffdatatest/landing/20250122/Recipes_20240507_1.csv
[2025-02-24T04:26:02.779+0000] {logging_mixin.py:190} INFO - Dados inseridos em dp_recipes_staging a partir de s3://iffdatatest/landing/20250122/Recipes_20240507_2.csv
[2025-02-24T04:26:03.092+0000] {logging_mixin.py:190} INFO - Dados inseridos em dp_recipes_staging a partir de s3://iffdatatest/landing/20250122/Recipes_20240507_3.csv
[2025-02-24T04:26:03.333+0000] {logging_mixin.py:190} INFO - Dados inseridos em dp_recipes_staging a partir de s3://iffdatatest/landing/20250122/Recipes_20240510_1.csv
[2025-02-24T04:26:03.595+0000] {logging_mixin.py:190} INFO - Dados inseridos em dp_recipes_staging a partir de s3://iffdatatest/landing/20250122/Recipes_20240510_2.csv
[2025-02-24T04:26:03.812+0000] {logging_mixin.py:190} INFO - Dados inseridos em dp_salestransactions_staging a partir de s3://iffdatatest/landing/20250122/SalesTransactions_20240506_1.csv
[2025-02-24T04:26:04.083+0000] {logging_mixin.py:190} INFO - Dados inseridos em dp_salestransactions_staging a partir de s3://iffdatatest/landing/20250122/SalesTransactions_20240506_2.csv
[2025-02-24T04:26:04.203+0000] {logging_mixin.py:190} INFO - Dados inseridos em dp_ingredients_staging a partir de s3://iffdatatest/landing/20250123/Ingredients_20240507_1.csv
[2025-02-24T04:26:04.531+0000] {logging_mixin.py:190} INFO - Dados inseridos em dp_recipes_staging a partir de s3://iffdatatest/landing/20250123/Recipes_20240505_1.csv
[2025-02-24T04:26:04.768+0000] {logging_mixin.py:190} INFO - Dados inseridos em dp_recipes_staging a partir de s3://iffdatatest/landing/20250123/Recipes_20240508_1.csv
[2025-02-24T04:26:05.140+0000] {logging_mixin.py:190} INFO - Dados inseridos em dp_recipes_staging a partir de s3://iffdatatest/landing/20250123/Recipes_20240508_2.csv
[2025-02-24T04:26:05.230+0000] {logging_mixin.py:190} INFO - Dados inseridos em dp_recipes_staging a partir de s3://iffdatatest/landing/20250123/Recipes_20240511_1.csv
[2025-02-24T04:26:05.328+0000] {logging_mixin.py:190} INFO - Dados inseridos em dp_recipes_staging a partir de s3://iffdatatest/landing/20250123/Recipes_20240511_2.csv
[2025-02-24T04:26:05.434+0000] {logging_mixin.py:190} INFO - Dados inseridos em dp_recipes_staging a partir de s3://iffdatatest/landing/20250123/Recipes_20240511_3.csv
[2025-02-24T04:26:05.538+0000] {logging_mixin.py:190} INFO - Dados inseridos em dp_customers_staging a partir de s3://iffdatatest/landing/20250124/Customers_20240508_1.csv
[2025-02-24T04:26:05.669+0000] {logging_mixin.py:190} INFO - Dados inseridos em dp_stocks_staging a partir de s3://iffdatatest/landing/20250125/Stocks_20240505_1.csv
[2025-02-24T04:26:05.748+0000] {python.py:240} INFO - Done. Returned value was: None
[2025-02-24T04:26:05.783+0000] {taskinstance.py:341} INFO - ::group::Post task execution logs
[2025-02-24T04:26:05.788+0000] {taskinstance.py:353} INFO - Marking task as SUCCESS. dag_id=dag_landings3, task_id=insert_csv_data, run_id=scheduled__2025-02-23T00:00:00+00:00, execution_date=20250223T000000, start_date=20250224T042557, end_date=20250224T042605
[2025-02-24T04:26:05.911+0000] {local_task_job_runner.py:266} INFO - Task exited with return code 0
[2025-02-24T04:26:05.937+0000] {taskinstance.py:3901} INFO - 0 downstream tasks scheduled from follow-on schedule check
[2025-02-24T04:26:05.938+0000] {local_task_job_runner.py:245} INFO - ::endgroup::
