[2025-02-24T04:25:38.981+0000] {local_task_job_runner.py:123} INFO - ::group::Pre task execution logs
[2025-02-24T04:25:38.998+0000] {taskinstance.py:2614} INFO - Dependencies all met for dep_context=non-requeueable deps ti=<TaskInstance: dag_landings3.run_integrate_py manual__2025-02-24T04:25:27.524048+00:00 [queued]>
[2025-02-24T04:25:39.007+0000] {taskinstance.py:2614} INFO - Dependencies all met for dep_context=requeueable deps ti=<TaskInstance: dag_landings3.run_integrate_py manual__2025-02-24T04:25:27.524048+00:00 [queued]>
[2025-02-24T04:25:39.008+0000] {taskinstance.py:2867} INFO - Starting attempt 1 of 1
[2025-02-24T04:25:39.034+0000] {taskinstance.py:2890} INFO - Executing <Task(BashOperator): run_integrate_py> on 2025-02-24 04:25:27.524048+00:00
[2025-02-24T04:25:39.036+0000] {standard_task_runner.py:72} INFO - Started process 108 to run task
[2025-02-24T04:25:39.041+0000] {standard_task_runner.py:104} INFO - Running: ['airflow', 'tasks', 'run', 'dag_landings3', 'run_integrate_py', 'manual__2025-02-24T04:25:27.524048+00:00', '--job-id', '4', '--raw', '--subdir', 'DAGS_FOLDER/dag_landings3.py', '--cfg-path', '/tmp/tmpwsg3j0ib']
[2025-02-24T04:25:39.043+0000] {standard_task_runner.py:105} INFO - Job 4: Subtask run_integrate_py
[2025-02-24T04:25:39.097+0000] {task_command.py:467} INFO - Running <TaskInstance: dag_landings3.run_integrate_py manual__2025-02-24T04:25:27.524048+00:00 [running]> on host c9f7a13d5dc6
[2025-02-24T04:25:39.179+0000] {taskinstance.py:3134} INFO - Exporting env vars: AIRFLOW_CTX_DAG_OWNER='airflow' AIRFLOW_CTX_DAG_ID='dag_landings3' AIRFLOW_CTX_TASK_ID='run_integrate_py' AIRFLOW_CTX_EXECUTION_DATE='2025-02-24T04:25:27.524048+00:00' AIRFLOW_CTX_TRY_NUMBER='1' AIRFLOW_CTX_DAG_RUN_ID='manual__2025-02-24T04:25:27.524048+00:00'
[2025-02-24T04:25:39.180+0000] {taskinstance.py:732} INFO - ::endgroup::
[2025-02-24T04:25:39.194+0000] {subprocess.py:78} INFO - Tmp dir root location: /tmp
[2025-02-24T04:25:39.195+0000] {subprocess.py:88} INFO - Running command: ['/usr/bin/bash', '-c', 'python /home/infra/prompts/integrate.py 2>&1']
[2025-02-24T04:25:39.202+0000] {subprocess.py:99} INFO - Output:
[2025-02-24T04:25:39.425+0000] {subprocess.py:106} INFO - INFO:root:Iniciando download do arquivo: https://storage.googleapis.com/playoffs/iff/data_engineering.zip
[2025-02-24T04:25:39.680+0000] {subprocess.py:106} INFO - INFO:root:Arquivo baixado e salvo em: /tmp/landing/data_engineering.zip
[2025-02-24T04:25:39.736+0000] {subprocess.py:106} INFO - INFO:root:Conteúdo extraído para: /tmp/landing/extracted
[2025-02-24T04:25:39.738+0000] {subprocess.py:106} INFO - INFO:root:Arquivo ZIP removido com sucesso.
[2025-02-24T04:25:39.929+0000] {subprocess.py:106} INFO - INFO:root:Enviando /tmp/landing/extracted/data/data_engineering/20250121/SalesTransactions_20240505_1.csv para s3://iffdatatest/landing/20250121/SalesTransactions_20240505_1.csv
[2025-02-24T04:25:40.346+0000] {subprocess.py:106} INFO - INFO:root:Enviando /tmp/landing/extracted/data/data_engineering/20250121/Flavours_20240505_1.csv para s3://iffdatatest/landing/20250121/Flavours_20240505_1.csv
[2025-02-24T04:25:40.413+0000] {subprocess.py:106} INFO - INFO:root:Enviando /tmp/landing/extracted/data/data_engineering/20250121/RawMaterialType_20240505_1.csv para s3://iffdatatest/landing/20250121/RawMaterialType_20240505_1.csv
[2025-02-24T04:25:40.464+0000] {subprocess.py:106} INFO - INFO:root:Enviando /tmp/landing/extracted/data/data_engineering/20250121/Provider_20240505_2.csv para s3://iffdatatest/landing/20250121/Provider_20240505_2.csv
[2025-02-24T04:25:40.515+0000] {subprocess.py:106} INFO - INFO:root:Enviando /tmp/landing/extracted/data/data_engineering/20250121/Provider_20240505_1.csv para s3://iffdatatest/landing/20250121/Provider_20240505_1.csv
[2025-02-24T04:25:40.565+0000] {subprocess.py:106} INFO - INFO:root:Enviando /tmp/landing/extracted/data/data_engineering/20250121/SalesTransactions_20240505_2.csv para s3://iffdatatest/landing/20250121/SalesTransactions_20240505_2.csv
[2025-02-24T04:25:40.696+0000] {subprocess.py:106} INFO - INFO:root:Enviando /tmp/landing/extracted/data/data_engineering/20250121/IngredientsRawMaterial_20240505.csv para s3://iffdatatest/landing/20250121/IngredientsRawMaterial_20240505.csv
[2025-02-24T04:25:40.851+0000] {subprocess.py:106} INFO - INFO:root:Enviando /tmp/landing/extracted/data/data_engineering/20250122/Provider_20240506_1.csv para s3://iffdatatest/landing/20250122/Provider_20240506_1.csv
[2025-02-24T04:25:40.904+0000] {subprocess.py:106} INFO - INFO:root:Enviando /tmp/landing/extracted/data/data_engineering/20250122/Recipes_20240507_3.csv para s3://iffdatatest/landing/20250122/Recipes_20240507_3.csv
[2025-02-24T04:25:40.986+0000] {subprocess.py:106} INFO - INFO:root:Enviando /tmp/landing/extracted/data/data_engineering/20250122/Recipes_20240510_1.csv para s3://iffdatatest/landing/20250122/Recipes_20240510_1.csv
[2025-02-24T04:25:41.093+0000] {subprocess.py:106} INFO - INFO:root:Enviando /tmp/landing/extracted/data/data_engineering/20250122/Recipes_20240507_1.csv para s3://iffdatatest/landing/20250122/Recipes_20240507_1.csv
[2025-02-24T04:25:41.187+0000] {subprocess.py:106} INFO - INFO:root:Enviando /tmp/landing/extracted/data/data_engineering/20250122/SalesTransactions_20240506_2.csv para s3://iffdatatest/landing/20250122/SalesTransactions_20240506_2.csv
[2025-02-24T04:25:41.320+0000] {subprocess.py:106} INFO - INFO:root:Enviando /tmp/landing/extracted/data/data_engineering/20250122/Recipes_20240510_2.csv para s3://iffdatatest/landing/20250122/Recipes_20240510_2.csv
[2025-02-24T04:25:41.419+0000] {subprocess.py:106} INFO - INFO:root:Enviando /tmp/landing/extracted/data/data_engineering/20250122/Ingredients_20240506_1.csv para s3://iffdatatest/landing/20250122/Ingredients_20240506_1.csv
[2025-02-24T04:25:41.469+0000] {subprocess.py:106} INFO - INFO:root:Enviando /tmp/landing/extracted/data/data_engineering/20250122/Recipes_20240507_2.csv para s3://iffdatatest/landing/20250122/Recipes_20240507_2.csv
[2025-02-24T04:25:41.614+0000] {subprocess.py:106} INFO - INFO:root:Enviando /tmp/landing/extracted/data/data_engineering/20250122/SalesTransactions_20240506_1.csv para s3://iffdatatest/landing/20250122/SalesTransactions_20240506_1.csv
[2025-02-24T04:25:41.713+0000] {subprocess.py:106} INFO - INFO:root:Enviando /tmp/landing/extracted/data/data_engineering/20250125/Stocks_20240505_1.csv para s3://iffdatatest/landing/20250125/Stocks_20240505_1.csv
[2025-02-24T04:25:41.771+0000] {subprocess.py:106} INFO - INFO:root:Enviando /tmp/landing/extracted/data/data_engineering/20250124/Customers_20240508_1.csv para s3://iffdatatest/landing/20250124/Customers_20240508_1.csv
[2025-02-24T04:25:41.825+0000] {subprocess.py:106} INFO - INFO:root:Enviando /tmp/landing/extracted/data/data_engineering/20250123/Ingredients_20240507_1.csv para s3://iffdatatest/landing/20250123/Ingredients_20240507_1.csv
[2025-02-24T04:25:41.886+0000] {subprocess.py:106} INFO - INFO:root:Enviando /tmp/landing/extracted/data/data_engineering/20250123/Recipes_20240508_2.csv para s3://iffdatatest/landing/20250123/Recipes_20240508_2.csv
[2025-02-24T04:25:42.054+0000] {subprocess.py:106} INFO - INFO:root:Enviando /tmp/landing/extracted/data/data_engineering/20250123/Recipes_20240505_1.csv para s3://iffdatatest/landing/20250123/Recipes_20240505_1.csv
[2025-02-24T04:25:42.245+0000] {subprocess.py:106} INFO - INFO:root:Enviando /tmp/landing/extracted/data/data_engineering/20250123/Recipes_20240511_1.csv para s3://iffdatatest/landing/20250123/Recipes_20240511_1.csv
[2025-02-24T04:25:42.301+0000] {subprocess.py:106} INFO - INFO:root:Enviando /tmp/landing/extracted/data/data_engineering/20250123/Recipes_20240511_2.csv para s3://iffdatatest/landing/20250123/Recipes_20240511_2.csv
[2025-02-24T04:25:42.347+0000] {subprocess.py:106} INFO - INFO:root:Enviando /tmp/landing/extracted/data/data_engineering/20250123/Recipes_20240508_1.csv para s3://iffdatatest/landing/20250123/Recipes_20240508_1.csv
[2025-02-24T04:25:42.451+0000] {subprocess.py:106} INFO - INFO:root:Enviando /tmp/landing/extracted/data/data_engineering/20250123/Recipes_20240511_3.csv para s3://iffdatatest/landing/20250123/Recipes_20240511_3.csv
[2025-02-24T04:25:42.510+0000] {subprocess.py:106} INFO - INFO:root:Upload completo e diretório temporário removido.
[2025-02-24T04:25:42.611+0000] {subprocess.py:110} INFO - Command exited with return code 0
[2025-02-24T04:25:42.648+0000] {taskinstance.py:341} INFO - ::group::Post task execution logs
[2025-02-24T04:25:42.649+0000] {taskinstance.py:353} INFO - Marking task as SUCCESS. dag_id=dag_landings3, task_id=run_integrate_py, run_id=manual__2025-02-24T04:25:27.524048+00:00, execution_date=20250224T042527, start_date=20250224T042538, end_date=20250224T042542
[2025-02-24T04:25:42.703+0000] {local_task_job_runner.py:266} INFO - Task exited with return code 0
[2025-02-24T04:25:42.753+0000] {taskinstance.py:3901} INFO - 1 downstream tasks scheduled from follow-on schedule check
[2025-02-24T04:25:42.758+0000] {local_task_job_runner.py:245} INFO - ::endgroup::
