[2025-02-24T04:25:51.721+0000] {local_task_job_runner.py:123} INFO - ::group::Pre task execution logs
[2025-02-24T04:25:51.747+0000] {taskinstance.py:2614} INFO - Dependencies all met for dep_context=non-requeueable deps ti=<TaskInstance: dag_landings3.create_missing_tables scheduled__2025-02-23T00:00:00+00:00 [queued]>
[2025-02-24T04:25:51.763+0000] {taskinstance.py:2614} INFO - Dependencies all met for dep_context=requeueable deps ti=<TaskInstance: dag_landings3.create_missing_tables scheduled__2025-02-23T00:00:00+00:00 [queued]>
[2025-02-24T04:25:51.763+0000] {taskinstance.py:2867} INFO - Starting attempt 1 of 1
[2025-02-24T04:25:51.796+0000] {taskinstance.py:2890} INFO - Executing <Task(PythonOperator): create_missing_tables> on 2025-02-23 00:00:00+00:00
[2025-02-24T04:25:51.800+0000] {standard_task_runner.py:72} INFO - Started process 174 to run task
[2025-02-24T04:25:51.805+0000] {standard_task_runner.py:104} INFO - Running: ['airflow', 'tasks', 'run', 'dag_landings3', 'create_missing_tables', 'scheduled__2025-02-23T00:00:00+00:00', '--job-id', '7', '--raw', '--subdir', 'DAGS_FOLDER/dag_landings3.py', '--cfg-path', '/tmp/tmpe6ux_gqs']
[2025-02-24T04:25:51.810+0000] {standard_task_runner.py:105} INFO - Job 7: Subtask create_missing_tables
[2025-02-24T04:25:51.885+0000] {task_command.py:467} INFO - Running <TaskInstance: dag_landings3.create_missing_tables scheduled__2025-02-23T00:00:00+00:00 [running]> on host c9f7a13d5dc6
[2025-02-24T04:25:52.007+0000] {taskinstance.py:3134} INFO - Exporting env vars: AIRFLOW_CTX_DAG_OWNER='airflow' AIRFLOW_CTX_DAG_ID='dag_landings3' AIRFLOW_CTX_TASK_ID='create_missing_tables' AIRFLOW_CTX_EXECUTION_DATE='2025-02-23T00:00:00+00:00' AIRFLOW_CTX_TRY_NUMBER='1' AIRFLOW_CTX_DAG_RUN_ID='scheduled__2025-02-23T00:00:00+00:00'
[2025-02-24T04:25:52.009+0000] {taskinstance.py:732} INFO - ::endgroup::
[2025-02-24T04:25:52.049+0000] {logging_mixin.py:190} INFO - Tabela dp_salestransactions_staging criada com sucesso.
[2025-02-24T04:25:52.052+0000] {logging_mixin.py:190} INFO - Tabela dp_ingredients_staging criada com sucesso.
[2025-02-24T04:25:52.054+0000] {logging_mixin.py:190} INFO - Tabela dp_recipes_staging criada com sucesso.
[2025-02-24T04:25:52.056+0000] {logging_mixin.py:190} INFO - Tabela dp_provider_staging criada com sucesso.
[2025-02-24T04:25:52.060+0000] {logging_mixin.py:190} INFO - Tabela dp_stocks_staging criada com sucesso.
[2025-02-24T04:25:52.062+0000] {logging_mixin.py:190} INFO - Tabela dp_flavours_staging criada com sucesso.
[2025-02-24T04:25:52.064+0000] {logging_mixin.py:190} INFO - Tabela dp_customers_staging criada com sucesso.
[2025-02-24T04:25:52.069+0000] {logging_mixin.py:190} INFO - Tabela dp_ingredientsrawmaterial_staging criada com sucesso.
[2025-02-24T04:25:52.073+0000] {logging_mixin.py:190} INFO - Tabela dp_rawmaterialtype_staging criada com sucesso.
[2025-02-24T04:25:52.090+0000] {python.py:240} INFO - Done. Returned value was: None
[2025-02-24T04:25:52.109+0000] {taskinstance.py:341} INFO - ::group::Post task execution logs
[2025-02-24T04:25:52.110+0000] {taskinstance.py:353} INFO - Marking task as SUCCESS. dag_id=dag_landings3, task_id=create_missing_tables, run_id=scheduled__2025-02-23T00:00:00+00:00, execution_date=20250223T000000, start_date=20250224T042551, end_date=20250224T042552
[2025-02-24T04:25:52.153+0000] {local_task_job_runner.py:266} INFO - Task exited with return code 0
[2025-02-24T04:25:52.177+0000] {taskinstance.py:3901} INFO - 1 downstream tasks scheduled from follow-on schedule check
[2025-02-24T04:25:52.181+0000] {local_task_job_runner.py:245} INFO - ::endgroup::
